Flow report for dj_roomba
Sun Dec 15 14:40:21 2024
Quartus Prime Version 23.1std.1 Build 993 05/14/2024 SC Lite Edition


---------------------
; Table of Contents ;
---------------------
  1. Legal Notice
  2. Flow Summary
  3. Flow Settings
  4. Flow Non-Default Global Settings
  5. Flow Elapsed Time
  6. Flow OS Summary
  7. Flow Log
  8. Flow Messages
  9. Flow Suppressed Messages



----------------
; Legal Notice ;
----------------
Copyright (C) 2024  Intel Corporation. All rights reserved.
Your use of Intel Corporation's design tools, logic functions 
and other software and tools, and any partner logic 
functions, and any output files from any of the foregoing 
(including device programming or simulation files), and any 
associated documentation or information are expressly subject 
to the terms and conditions of the Intel Program License 
Subscription Agreement, the Intel Quartus Prime License Agreement,
the Intel FPGA IP License Agreement, or other applicable license
agreement, including, without limitation, that your use is for
the sole purpose of programming logic devices manufactured by
Intel and sold by Intel or its authorized distributors.  Please
refer to the applicable agreement for further details, at
https://fpgasoftware.intel.com/eula.



+----------------------------------------------------------------------------------+
; Flow Summary                                                                     ;
+---------------------------------+------------------------------------------------+
; Flow Status                     ; Successful - Sun Dec 15 14:40:13 2024          ;
; Quartus Prime Version           ; 23.1std.1 Build 993 05/14/2024 SC Lite Edition ;
; Revision Name                   ; dj_roomba                                      ;
; Top-level Entity Name           ; top                                            ;
; Family                          ; Cyclone V                                      ;
; Device                          ; 5CSEMA5F31C6                                   ;
; Timing Models                   ; Final                                          ;
; Logic utilization (in ALMs)     ; 363 / 32,070 ( 1 % )                           ;
; Total registers                 ; 473                                            ;
; Total pins                      ; 22 / 457 ( 5 % )                               ;
; Total virtual pins              ; 0                                              ;
; Total block memory bits         ; 268,544 / 4,065,280 ( 7 % )                    ;
; Total DSP Blocks                ; 0 / 87 ( 0 % )                                 ;
; Total HSSI RX PCSs              ; 0                                              ;
; Total HSSI PMA RX Deserializers ; 0                                              ;
; Total HSSI TX PCSs              ; 0                                              ;
; Total HSSI PMA TX Serializers   ; 0                                              ;
; Total PLLs                      ; 1 / 6 ( 17 % )                                 ;
; Total DLLs                      ; 0 / 4 ( 0 % )                                  ;
+---------------------------------+------------------------------------------------+


+-----------------------------------------+
; Flow Settings                           ;
+-------------------+---------------------+
; Option            ; Setting             ;
+-------------------+---------------------+
; Start date & time ; 12/15/2024 14:38:26 ;
; Main task         ; Compilation         ;
; Revision Name     ; dj_roomba           ;
+-------------------+---------------------+


+----------------------------------------------------------------------------------------------------------------------------+
; Flow Non-Default Global Settings                                                                                           ;
+--------------------------+------------------------------------------------------+---------------+-------------+------------+
; Assignment Name          ; Value                                                ; Default Value ; Entity Name ; Section Id ;
+--------------------------+------------------------------------------------------+---------------+-------------+------------+
; COMPILER_SIGNATURE_ID    ; 82359658025259.173429150614092                       ; --            ; --          ; --         ;
; MISC_FILE                ; ../../src/rom_data/rom_data_inst.vhd                 ; --            ; --          ; --         ;
; MISC_FILE                ; ../../src/rom_data/rom_data.cmp                      ; --            ; --          ; --         ;
; MISC_FILE                ; ../../src/rom_data/rom_data_syn.v                    ; --            ; --          ; --         ;
; MISC_FILE                ; ../../src/rom_instructions/rom_instructions_inst.vhd ; --            ; --          ; --         ;
; MISC_FILE                ; ../../src/rom_instructions/rom_instructions.cmp      ; --            ; --          ; --         ;
; MISC_FILE                ; ../../src/rom_instructions/rom_instructions_syn.v    ; --            ; --          ; --         ;
; PROJECT_OUTPUT_DIRECTORY ; ../output_files                                      ; --            ; --          ; --         ;
; TOP_LEVEL_ENTITY         ; top                                                  ; dj_roomba     ; --          ; --         ;
+--------------------------+------------------------------------------------------+---------------+-------------+------------+


+--------------------------------------------------------------------------------------------------------------------------+
; Flow Elapsed Time                                                                                                        ;
+----------------------+--------------+-------------------------+---------------------+------------------------------------+
; Module Name          ; Elapsed Time ; Average Processors Used ; Peak Virtual Memory ; Total CPU Time (on all processors) ;
+----------------------+--------------+-------------------------+---------------------+------------------------------------+
; Analysis & Synthesis ; 00:00:18     ; 1.0                     ; 4989 MB             ; 00:00:38                           ;
; Fitter               ; 00:01:20     ; 1.1                     ; 7905 MB             ; 00:07:23                           ;
; Assembler            ; 00:00:05     ; 1.0                     ; 4878 MB             ; 00:00:05                           ;
; Timing Analyzer      ; 00:00:08     ; 1.7                     ; 5361 MB             ; 00:00:11                           ;
; Total                ; 00:01:51     ; --                      ; --                  ; 00:08:17                           ;
+----------------------+--------------+-------------------------+---------------------+------------------------------------+


+------------------------------------------------------------------------------------+
; Flow OS Summary                                                                    ;
+----------------------+------------------+------------+------------+----------------+
; Module Name          ; Machine Hostname ; OS Name    ; OS Version ; Processor type ;
+----------------------+------------------+------------+------------+----------------+
; Analysis & Synthesis ; LAPTOP-TCJM23D0  ; Windows 10 ; 10.0       ; x86_64         ;
; Fitter               ; LAPTOP-TCJM23D0  ; Windows 10 ; 10.0       ; x86_64         ;
; Assembler            ; LAPTOP-TCJM23D0  ; Windows 10 ; 10.0       ; x86_64         ;
; Timing Analyzer      ; LAPTOP-TCJM23D0  ; Windows 10 ; 10.0       ; x86_64         ;
+----------------------+------------------+------------+------------+----------------+


------------
; Flow Log ;
------------
quartus_map --read_settings_files=on --write_settings_files=off dj_roomba -c dj_roomba
quartus_fit --read_settings_files=off --write_settings_files=off dj_roomba -c dj_roomba
quartus_asm --read_settings_files=off --write_settings_files=off dj_roomba -c dj_roomba
quartus_sta dj_roomba -c dj_roomba



